1717256744,,,/home/sanjeew/Downloads/anime/Kimetsu no Yaiba - Hashira Geiko-hen - 03.mkv,88
1717256746,,,/home/sanjeew/Downloads/anime/Kimetsu no Yaiba - Hashira Geiko-hen - 03.mkv,88
1717324787,,,/home/sanjeew/Downloads/anime/Kimetsu no Yaiba - Hashira Geiko-hen - 03.mkv,88
1717324862,,,/home/sanjeew/Downloads/anime/Kimetsu no Yaiba - Hashira Geiko-hen - 03.mkv,88
1717325548,,,/home/sanjeew/Downloads/anime/Kimetsu no Yaiba - Hashira Geiko-hen - 03.mkv,88
1717325758,,,/home/sanjeew/Downloads/anime/Kimetsu no Yaiba - Hashira Geiko-hen - 03.mkv,88
1717326016,,,/home/sanjeew/Downloads/anime/Kimetsu no Yaiba - Hashira Geiko-hen - 03.mkv,88
1717329849,,,/home/sanjeew/Downloads/anime/Kimetsu no Yaiba - Hashira Geiko-hen - 03.mkv,88
1717329883,,,/home/sanjeew/Downloads/anime/Kimetsu no Yaiba - Hashira Geiko-hen - 03.mkv,88
1717335913,,,/home/sanjeew/Downloads/anime/Kimetsu no Yaiba - Hashira Geiko-hen - 03.mkv,88
1717335948,,,/home/sanjeew/Downloads/anime/Kimetsu no Yaiba - Hashira Geiko-hen - 03.mkv,88
1717335952,,,/home/sanjeew/Downloads/anime/op/1074.mkv,54
1717336155,,,/home/sanjeew/Downloads/anime/op/1075.mkv,54
1717336791,54,Iron.Man.2.2010.REMASTERED.1080p.BluRay.H264.AAC-RARBG,/home/sanjeew/Templates/Iron Man 2 2010.mp4,112
1717336939,54,Iron.Man.2.2010.REMASTERED.1080p.BluRay.H264.AAC-RARBG,/home/sanjeew/Templates/Iron Man 2 2010.mp4,112
1717337057,54,Iron.Man.2.2010.REMASTERED.1080p.BluRay.H264.AAC-RARBG,/home/sanjeew/Templates/Iron Man 2 2010.mp4,112
1717337111,54,Iron.Man.2.2010.REMASTERED.1080p.BluRay.H264.AAC-RARBG,/home/sanjeew/Templates/Iron Man 2 2010.mp4,112
1717398006,73,Iron Man - Suit Up Scene - Mark III Armor - Movie CLIP HD ~ TopMovieClips,https://rr5---sn-npoldn76.googlevideo.com/videoplayback?expire=1717419602&ei=8mldZpDTAquMvcAPje-80Ac&ip=178.128.223.145&id=o-AKAEaT-wu-FEITFGAKXX8rX3kG2MsPS40WOmvlf6Jmrm&itag=399&aitags=133%2C134%2C135%2C136%2C160%2C242%2C243%2C244%2C247%2C278%2C298%2C299%2C302%2C303%2C394%2C395%2C396%2C397%2C398%2C399&source=youtube&requiressl=yes&xpc=EgVo2aDSNQ%3D%3D&mh=2u&mm=31%2C29&mn=sn-npoldn76%2Csn-npoe7nsk&ms=au%2Crdu&mv=m&mvi=5&pl=22&initcwndbps=305000&bui=AbKP-1MKwRqgK0w5ZmfotEXzbhWfG2PeZubA_Wm3YlhU5Bp3aFQrgXHbr5ZEMMhg5WKv8uYHQ3Qea8t5&spc=UWF9f5Q4txOHrmSNU-OKgZEoZvOFO15jPeWwuj0FBsXsc8E-xqNUFwBe1g1y&vprv=1&svpuc=1&mime=video%2Fmp4&ns=knKZyAFKrfpiafHMdId9fxwQ&rqh=1&gir=yes&clen=23267807&dur=140.490&lmt=1708844422229142&mt=1717397318&fvip=5&keepalive=yes&c=WEB&sefc=1&txp=4537434&n=a9UKep_pHwYEeg&sparams=expire%2Cei%2Cip%2Cid%2Caitags%2Csource%2Crequiressl%2Cxpc%2Cbui%2Cspc%2Cvprv%2Csvpuc%2Cmime%2Cns%2Crqh%2Cgir%2Cclen%2Cdur%2Clmt&sig=AJfQdSswRgIhAPUvrUOmKN-C17MShlEMud8CnkEuOzmRYGSIkBnX4m85AiEAgabGEl_caiKve83Va5Tg1WYqJ04bB6HDJPe5Dw_aG-4%3D&lsparams=mh%2Cmm%2Cmn%2Cms%2Cmv%2Cmvi%2Cpl%2Cinitcwndbps&lsig=AHlkHjAwRAIgKx2cYtt94g9niZTrLT8Lt-NuEZRMWfloMmW-V5ep9LYCID-JthVZkjm88GA79eHc2_W-hkEEZDi_s5gGsByamxG7,1295
1717420061,,,/home/sanjeew/Downloads/Kimetsu no Yaiba - Hashira Geiko-hen - 04.mkv.fdmdownload,94
1717422597,,,/home/sanjeew/Downloads/anime/op/VID_20240423_111921_788.mp4.mkv,77
1717423416,,,/home/sanjeew/Downloads/One Piece - 1103.mkv,57
1717424648,,,/home/sanjeew/Downloads/One Piece - 1104.mkv,57
1717424947,,,/home/sanjeew/Downloads/One Piece - 1105.mkv,57
1717427483,,,/home/sanjeew/Downloads/One Piece - 1104.mkv,57
1717429044,,,/home/sanjeew/Downloads/One Piece - 1105.mkv,57
1717430461,,,/home/sanjeew/Downloads/One Piece - 1106.mkv,57
1717468553,,,/home/sanjeew/Downloads/One Piece - 1106.mkv,57
1717469645,,,/home/sanjeew/Downloads/One Piece - 1107.mkv,57
1717489180,,,/home/sanjeew/Downloads/One Piece - 1107.mkv,57
1717490550,22,86 Eighty Six - S01E11,/mnt/media/anime/86/86 Eighty Six - S01E11.mkv,83
1717490582,22,86 Eighty Six - S01E10,/mnt/media/anime/86/86 Eighty Six - S01E10.mkv,83
1717490594,22,86 Eighty Six - S01E09,/mnt/media/anime/86/86 Eighty Six - S01E09.mkv,83
1717490614,22,86 Eighty Six - S01E10,/mnt/media/anime/86/86 Eighty Six - S01E10.mkv,83
1717490639,22,86 Eighty Six - S01E11,/mnt/media/anime/86/86 Eighty Six - S01E11.mkv,83
1717492600,22,86 Eighty Six - S01E12,/mnt/media/anime/86/86 Eighty Six - S01E12.mkv,83
1717512565,22,86 Eighty Six - S01E13,/mnt/media/anime/86/86 Eighty Six - S01E13.mkv,83
1717512834,22,86 Eighty Six - S01E12,/mnt/media/anime/86/86 Eighty Six - S01E12.mkv,83
1717513707,22,86 Eighty Six - S01E13,/mnt/media/anime/86/86 Eighty Six - S01E13.mkv,83
1717515534,22,86 Eighty Six - S01E14,/mnt/media/anime/86/86 Eighty Six - S01E14.mkv,83
1717563033,22,86 Eighty Six - S01E14,/mnt/media/anime/86/86 Eighty Six - S01E14.mkv,83
1717580909,83,Harvard CS50’s Introduction to Programming with Python – Full University Course,https://www.youtube.com/watch?v=nLRL_NcnK-4,141
1717603821,22,86 Eighty Six - S01E14,/mnt/media/anime/86/86 Eighty Six - S01E14.mkv,83
1717604125,22,86 Eighty Six - S01E15,/mnt/media/anime/86/86 Eighty Six - S01E15.mkv,83
1717605352,,,/home/sanjeew/Downloads/Sonny Boy - S01E01 - The Island At The Far End Of Summer.mkv,97
1717639573,,,/home/sanjeew/Downloads/Sonny Boy - S01E01 - The Island At The Far End Of Summer.mkv,97
1717729942,,,/home/sanjeew/Videos/recorderds-2024-06-07_08.40.22.mkv,68
1717988736,,,/home/sanjeew/Downloads/anime/Kimetsu no Yaiba - Hashira Geiko-hen - 03.mkv,88
1717988758,,,/home/sanjeew/Downloads/anime/Kimetsu no Yaiba - Hashira Geiko-hen - 02.mkv,88
1718082141,,,/dev/video0,24
1718082172,,,/home/sanjeew/video-240611-1031-38.mkv,51
1718082287,,,/home/sanjeew/Downloads/anime/Kimetsu no Yaiba - Hashira Geiko-hen - 02.mkv,88
1718082326,,,/home/sanjeew/video-240611-1033-40.mkv,51
